<?xml version="1.0" encoding="UTF-8"?>
<!-- Generated by org.testng.reporters.JUnitXMLReporter -->
<testsuite ignored="0" hostname="DESKTOP-CJORDV5" failures="1" tests="5" name="Default test" time="43.55" errors="0" timestamp="2023-03-06T19:22:17 EST">
  <testcase classname="io.cucumber.testng.AbstractTestNGCucumberTests" name="runScenario" time="7.821"/>
  <testcase classname="io.cucumber.testng.AbstractTestNGCucumberTests" name="runScenario" time="9.637"/>
  <testcase classname="io.cucumber.testng.AbstractTestNGCucumberTests" name="runScenario" time="13.978"/>
  <testcase classname="io.cucumber.testng.AbstractTestNGCucumberTests" name="runScenario" time="4.794">
    <failure type="java.lang.NullPointerException" message="Cannot invoke &amp;quot;pages.home.HomePage.getTitleOfPage()&amp;quot; because &amp;quot;this.homePage&amp;quot; is null">
      <![CDATA[java.lang.NullPointerException: Cannot invoke "pages.home.HomePage.getTitleOfPage()" because "this.homePage" is null
at steps.StepsPOM.verify_pagetitle_as(StepsPOM.java:89)
at ✽.verify pagetitle as "Check Your Email | Salesforce"(file:///C:/Users/Vivek/eclipse-workspace/firstproject/SeleniumMavenCucumberFramework/src/test/resources/featureFiles/salesforceApp.feature:44)
]]>
    </failure>
  </testcase> <!-- runScenario -->
  <testcase classname="io.cucumber.testng.AbstractTestNGCucumberTests" name="runScenario" time="6.644"/>
</testsuite> <!-- Default test -->
