<?xml version="1.0" encoding="UTF-8"?>
<testng-results ignored="0" total="5" passed="4" failed="1" skipped="0">
  <reporter-output>
  </reporter-output>
  <suite started-at="2023-03-06T19:21:33 EST" name="Default suite" finished-at="2023-03-06T19:22:16 EST" duration-ms="43550">
    <groups>
      <group name="cucumber">
        <method signature="AbstractTestNGCucumberTests.runScenario(io.cucumber.testng.PickleWrapper,io.cucumber.testng.FeatureWrapper)[pri:0, instance:runner.RunnerForSalesforceApp@32eff876]" name="runScenario" class="io.cucumber.testng.AbstractTestNGCucumberTests"/>
      </group> <!-- cucumber -->
    </groups>
    <test started-at="2023-03-06T19:21:33 EST" name="Default test" finished-at="2023-03-06T19:22:16 EST" duration-ms="43550">
      <class name="runner.RunnerForSalesforceApp">
        <test-method is-config="true" signature="setUpClass(org.testng.ITestContext)[pri:0, instance:runner.RunnerForSalesforceApp@32eff876]" started-at="2023-03-06T19:21:33 EST" name="setUpClass" finished-at="2023-03-06T19:21:33 EST" duration-ms="294" status="PASS">
          <params>
            <param index="0">
              <value>
                <![CDATA[org.testng.TestRunner@ee96866]]>
              </value>
            </param>
          </params>
          <reporter-output>
          </reporter-output>
        </test-method> <!-- setUpClass -->
        <test-method signature="runScenario(io.cucumber.testng.PickleWrapper,io.cucumber.testng.FeatureWrapper)[pri:0, instance:runner.RunnerForSalesforceApp@32eff876]" started-at="2023-03-06T19:21:33 EST" name="runScenario" description="Runs Cucumber Scenarios" data-provider="scenarios" finished-at="2023-03-06T19:21:41 EST" duration-ms="7821" status="PASS">
          <params>
            <param index="0">
              <value>
                <![CDATA["login with valid user and empty password"]]>
              </value>
            </param>
            <param index="1">
              <value>
                <![CDATA["Login to Salesforce Application"]]>
              </value>
            </param>
          </params>
          <reporter-output>
          </reporter-output>
        </test-method> <!-- runScenario -->
        <test-method signature="runScenario(io.cucumber.testng.PickleWrapper,io.cucumber.testng.FeatureWrapper)[pri:0, instance:runner.RunnerForSalesforceApp@32eff876]" started-at="2023-03-06T19:21:41 EST" name="runScenario" description="Runs Cucumber Scenarios" data-provider="scenarios" finished-at="2023-03-06T19:21:51 EST" duration-ms="9637" status="PASS">
          <params>
            <param index="0">
              <value>
                <![CDATA["login with valid user and valid password"]]>
              </value>
            </param>
            <param index="1">
              <value>
                <![CDATA["Login to Salesforce Application"]]>
              </value>
            </param>
          </params>
          <reporter-output>
          </reporter-output>
        </test-method> <!-- runScenario -->
        <test-method signature="runScenario(io.cucumber.testng.PickleWrapper,io.cucumber.testng.FeatureWrapper)[pri:0, instance:runner.RunnerForSalesforceApp@32eff876]" started-at="2023-03-06T19:21:51 EST" name="runScenario" description="Runs Cucumber Scenarios" data-provider="scenarios" finished-at="2023-03-06T19:22:05 EST" duration-ms="13978" status="PASS">
          <params>
            <param index="0">
              <value>
                <![CDATA["check remember me button in loginPage"]]>
              </value>
            </param>
            <param index="1">
              <value>
                <![CDATA["Login to Salesforce Application"]]>
              </value>
            </param>
          </params>
          <reporter-output>
          </reporter-output>
        </test-method> <!-- runScenario -->
        <test-method signature="runScenario(io.cucumber.testng.PickleWrapper,io.cucumber.testng.FeatureWrapper)[pri:0, instance:runner.RunnerForSalesforceApp@32eff876]" started-at="2023-03-06T19:22:05 EST" name="runScenario" description="Runs Cucumber Scenarios" data-provider="scenarios" finished-at="2023-03-06T19:22:10 EST" duration-ms="4794" status="FAIL">
          <params>
            <param index="0">
              <value>
                <![CDATA["check forgetPassword in loginpage"]]>
              </value>
            </param>
            <param index="1">
              <value>
                <![CDATA["Login to Salesforce Application"]]>
              </value>
            </param>
          </params>
          <exception class="java.lang.NullPointerException">
            <message>
              <![CDATA[Cannot invoke "pages.home.HomePage.getTitleOfPage()" because "this.homePage" is null]]>
            </message>
            <full-stacktrace>
              <![CDATA[java.lang.NullPointerException: Cannot invoke "pages.home.HomePage.getTitleOfPage()" because "this.homePage" is null
at steps.StepsPOM.verify_pagetitle_as(StepsPOM.java:89)
at ✽.verify pagetitle as "Check Your Email | Salesforce"(file:///C:/Users/Vivek/eclipse-workspace/firstproject/SeleniumMavenCucumberFramework/src/test/resources/featureFiles/salesforceApp.feature:44)
]]>
            </full-stacktrace>
          </exception> <!-- java.lang.NullPointerException -->
          <reporter-output>
          </reporter-output>
        </test-method> <!-- runScenario -->
        <test-method signature="runScenario(io.cucumber.testng.PickleWrapper,io.cucumber.testng.FeatureWrapper)[pri:0, instance:runner.RunnerForSalesforceApp@32eff876]" started-at="2023-03-06T19:22:10 EST" name="runScenario" description="Runs Cucumber Scenarios" data-provider="scenarios" finished-at="2023-03-06T19:22:16 EST" duration-ms="6644" status="PASS">
          <params>
            <param index="0">
              <value>
                <![CDATA["login with invalid user and invalid password"]]>
              </value>
            </param>
            <param index="1">
              <value>
                <![CDATA["Login to Salesforce Application"]]>
              </value>
            </param>
          </params>
          <reporter-output>
          </reporter-output>
        </test-method> <!-- runScenario -->
        <test-method is-config="true" signature="tearDownClass()[pri:0, instance:runner.RunnerForSalesforceApp@32eff876]" started-at="2023-03-06T19:22:16 EST" name="tearDownClass" finished-at="2023-03-06T19:22:16 EST" duration-ms="14" status="PASS">
          <reporter-output>
          </reporter-output>
        </test-method> <!-- tearDownClass -->
      </class> <!-- runner.RunnerForSalesforceApp -->
    </test> <!-- Default test -->
  </suite> <!-- Default suite -->
</testng-results>
